<?xml version="1.0" encoding="UTF-8"?>
<!-- Generated by org.testng.reporters.JUnitReportReporter -->
<testsuite hostname="DESKTOP-EM38F1O" failures="0" tests="1" name="com.aem_galen_automation.ebay_Large" time="15.507" errors="0" timestamp="2020-10-07T13:40:22 AEDT" skipped="0">
  <testcase classname="com.aem_galen_automation.ebay_Large" name="homePageLayoutTest" time="15.507"/>
  <system-out/>
</testsuite> <!-- com.aem_galen_automation.ebay_Large -->
