<?xml version="1.0" encoding="UTF-8"?>
<!-- Generated by org.testng.reporters.JUnitReportReporter -->
<testsuite ignored="0" hostname="DESKTOP-EM38F1O" failures="0" tests="1" name="com.aem_galen_automation.ebay_Large" time="11.416" errors="0" timestamp="21 Oct 2020 06:28:51 GMT" skipped="0">
  <testcase classname="com.aem_galen_automation.ebay_Large" name="homePageLayoutTest" time="11.416"/>
</testsuite> <!-- com.aem_galen_automation.ebay_Large -->
